<?xml version="1.0" encoding="UTF-8"?>
<!-- Generated by org.testng.reporters.JUnitXMLReporter -->
<testsuite ignored="4" hostname="AkshaySeeram" failures="0" tests="3" name="Surefire test" time="42.648" errors="0" timestamp="2023-12-27T13:42:28 IST">
  <testcase classname="TestScripts.DemoTest" name="demo" time="0.004"/>
  <testcase classname="TestScripts.TestNgAddAddress" name="addAddress" time="7.717"/>
  <testcase classname="TestScripts.TestNg_addToCart" name="addToCart" time="4.247"/>
  <testcase classname="GenericLibrary.BaseTest" name="@AfterSuite afterSuite" time="0.0">
    <ignored/>
  </testcase> <!-- @AfterSuite afterSuite -->
  <testcase classname="GenericLibrary.BaseTest" name="@AfterTest afterTest" time="0.0">
    <ignored/>
  </testcase> <!-- @AfterTest afterTest -->
  <testcase classname="GenericLibrary.BaseTest" name="@BeforeSuite beforeSuite" time="0.0">
    <ignored/>
  </testcase> <!-- @BeforeSuite beforeSuite -->
  <testcase classname="GenericLibrary.BaseTest" name="@BeforeTest beforeTest" time="0.0">
    <ignored/>
  </testcase> <!-- @BeforeTest beforeTest -->
</testsuite> <!-- Surefire test -->
