<?xml version="1.0" encoding="UTF-8"?>
<testng-results ignored="0" total="3" passed="3" failed="0" skipped="0">
  <reporter-output>
  </reporter-output>
  <suite started-at="2023-12-27T13:41:45 IST" name="Surefire suite" finished-at="2023-12-27T13:42:28 IST" duration-ms="42648">
    <groups>
    </groups>
    <test started-at="2023-12-27T13:41:45 IST" name="Surefire test" finished-at="2023-12-27T13:42:28 IST" duration-ms="42648">
      <class name="TestScripts.TestNg_addToCart">
        <test-method is-config="true" signature="launchBrowser(java.lang.String)[pri:0, instance:TestScripts.TestNg_addToCart@163e4e87]" started-at="2023-12-27T13:42:02 IST" name="launchBrowser" finished-at="2023-12-27T13:42:20 IST" duration-ms="17915" status="PASS">
          <params>
            <param index="0">
              <value>
                <![CDATA[chrome]]>
              </value>
            </param>
          </params>
          <reporter-output>
          </reporter-output>
        </test-method> <!-- launchBrowser -->
        <test-method is-config="true" signature="performLogin()[pri:0, instance:TestScripts.TestNg_addToCart@163e4e87]" started-at="2023-12-27T13:42:20 IST" name="performLogin" finished-at="2023-12-27T13:42:22 IST" duration-ms="2283" status="PASS">
          <reporter-output>
          </reporter-output>
        </test-method> <!-- performLogin -->
        <test-method signature="addToCart()[pri:0, instance:TestScripts.TestNg_addToCart@163e4e87]" started-at="2023-12-27T13:42:22 IST" name="addToCart" finished-at="2023-12-27T13:42:26 IST" duration-ms="4247" status="PASS">
          <reporter-output>
          </reporter-output>
        </test-method> <!-- addToCart -->
        <test-method is-config="true" signature="performLogout()[pri:0, instance:TestScripts.TestNg_addToCart@163e4e87]" started-at="2023-12-27T13:42:26 IST" name="performLogout" finished-at="2023-12-27T13:42:27 IST" duration-ms="1074" status="PASS">
          <reporter-output>
          </reporter-output>
        </test-method> <!-- performLogout -->
        <test-method is-config="true" signature="closeBrowser()[pri:0, instance:TestScripts.TestNg_addToCart@163e4e87]" started-at="2023-12-27T13:42:27 IST" name="closeBrowser" finished-at="2023-12-27T13:42:28 IST" duration-ms="163" status="PASS">
          <reporter-output>
          </reporter-output>
        </test-method> <!-- closeBrowser -->
      </class> <!-- TestScripts.TestNg_addToCart -->
      <class name="TestScripts.DemoTest">
        <test-method signature="demo()[pri:0, instance:TestScripts.DemoTest@1d082e88]" started-at="2023-12-27T13:41:45 IST" name="demo" finished-at="2023-12-27T13:41:45 IST" duration-ms="4" status="PASS">
          <reporter-output>
          </reporter-output>
        </test-method> <!-- demo -->
      </class> <!-- TestScripts.DemoTest -->
      <class name="TestScripts.TestNgAddAddress">
        <test-method is-config="true" signature="beforeSuite()[pri:0, instance:TestScripts.TestNgAddAddress@2bbf180e]" started-at="2023-12-27T13:41:45 IST" name="beforeSuite" finished-at="2023-12-27T13:41:45 IST" duration-ms="16" status="PASS">
          <reporter-output>
          </reporter-output>
        </test-method> <!-- beforeSuite -->
        <test-method is-config="true" signature="beforeTest()[pri:0, instance:TestScripts.TestNgAddAddress@2bbf180e]" started-at="2023-12-27T13:41:45 IST" name="beforeTest" finished-at="2023-12-27T13:41:45 IST" duration-ms="0" status="PASS">
          <reporter-output>
          </reporter-output>
        </test-method> <!-- beforeTest -->
        <test-method is-config="true" signature="launchBrowser(java.lang.String)[pri:0, instance:TestScripts.TestNgAddAddress@2bbf180e]" started-at="2023-12-27T13:41:45 IST" name="launchBrowser" finished-at="2023-12-27T13:41:51 IST" duration-ms="5642" status="PASS">
          <params>
            <param index="0">
              <value>
                <![CDATA[chrome]]>
              </value>
            </param>
          </params>
          <reporter-output>
          </reporter-output>
        </test-method> <!-- launchBrowser -->
        <test-method is-config="true" signature="performLogin()[pri:0, instance:TestScripts.TestNgAddAddress@2bbf180e]" started-at="2023-12-27T13:41:51 IST" name="performLogin" finished-at="2023-12-27T13:41:53 IST" duration-ms="2379" status="PASS">
          <reporter-output>
          </reporter-output>
        </test-method> <!-- performLogin -->
        <test-method signature="addAddress()[pri:0, instance:TestScripts.TestNgAddAddress@2bbf180e]" started-at="2023-12-27T13:41:53 IST" name="addAddress" finished-at="2023-12-27T13:42:01 IST" duration-ms="7717" status="PASS">
          <reporter-output>
          </reporter-output>
        </test-method> <!-- addAddress -->
        <test-method is-config="true" signature="performLogout()[pri:0, instance:TestScripts.TestNgAddAddress@2bbf180e]" started-at="2023-12-27T13:42:01 IST" name="performLogout" finished-at="2023-12-27T13:42:02 IST" duration-ms="1003" status="PASS">
          <reporter-output>
          </reporter-output>
        </test-method> <!-- performLogout -->
        <test-method is-config="true" signature="closeBrowser()[pri:0, instance:TestScripts.TestNgAddAddress@2bbf180e]" started-at="2023-12-27T13:42:02 IST" name="closeBrowser" finished-at="2023-12-27T13:42:02 IST" duration-ms="156" status="PASS">
          <reporter-output>
          </reporter-output>
        </test-method> <!-- closeBrowser -->
        <test-method is-config="true" signature="afterTest()[pri:0, instance:TestScripts.TestNgAddAddress@2bbf180e]" started-at="2023-12-27T13:42:28 IST" name="afterTest" finished-at="2023-12-27T13:42:28 IST" duration-ms="1" status="PASS">
          <reporter-output>
          </reporter-output>
        </test-method> <!-- afterTest -->
        <test-method is-config="true" signature="afterSuite()[pri:0, instance:TestScripts.TestNgAddAddress@2bbf180e]" started-at="2023-12-27T13:42:28 IST" name="afterSuite" finished-at="2023-12-27T13:42:28 IST" duration-ms="1" status="PASS">
          <reporter-output>
          </reporter-output>
        </test-method> <!-- afterSuite -->
      </class> <!-- TestScripts.TestNgAddAddress -->
    </test> <!-- Surefire test -->
  </suite> <!-- Surefire suite -->
</testng-results>
