<?xml version="1.0" encoding="UTF-8"?>
<testng-results ignored="0" total="1" passed="1" failed="0" skipped="0">
  <reporter-output>
  </reporter-output>
  <suite started-at="2024-01-02T10:32:26 IST" name="Default suite" finished-at="2024-01-02T10:32:38 IST" duration-ms="11201">
    <groups>
    </groups>
    <test started-at="2024-01-02T10:32:26 IST" name="Default test" finished-at="2024-01-02T10:32:38 IST" duration-ms="11201">
      <class name="TestScripts.TestNg_addToCart">
        <test-method is-config="true" signature="beforeSuite()[pri:0, instance:TestScripts.TestNg_addToCart@4d5d943d]" started-at="2024-01-02T10:32:26 IST" name="beforeSuite" finished-at="2024-01-02T10:32:26 IST" duration-ms="92" status="PASS">
          <reporter-output>
          </reporter-output>
        </test-method> <!-- beforeSuite -->
        <test-method is-config="true" signature="beforeTest()[pri:0, instance:TestScripts.TestNg_addToCart@4d5d943d]" started-at="2024-01-02T10:32:26 IST" name="beforeTest" finished-at="2024-01-02T10:32:27 IST" duration-ms="104" status="PASS">
          <reporter-output>
          </reporter-output>
        </test-method> <!-- beforeTest -->
        <test-method is-config="true" signature="launchBrowser(java.lang.String)[pri:0, instance:TestScripts.TestNg_addToCart@4d5d943d]" started-at="2024-01-02T10:32:27 IST" name="launchBrowser" finished-at="2024-01-02T10:32:31 IST" duration-ms="3917" status="PASS">
          <params>
            <param index="0">
              <value>
                <![CDATA[chrome]]>
              </value>
            </param>
          </params>
          <reporter-output>
          </reporter-output>
        </test-method> <!-- launchBrowser -->
        <test-method is-config="true" signature="performLogin(java.lang.reflect.Method)[pri:0, instance:TestScripts.TestNg_addToCart@4d5d943d]" started-at="2024-01-02T10:32:31 IST" name="performLogin" finished-at="2024-01-02T10:32:32 IST" duration-ms="1935" status="PASS">
          <params>
            <param index="0">
              <value>
                <![CDATA[public void TestScripts.TestNg_addToCart.addToCart() throws java.lang.InterruptedException,java.io.IOException]]>
              </value>
            </param>
          </params>
          <reporter-output>
          </reporter-output>
        </test-method> <!-- performLogin -->
        <test-method signature="addToCart()[pri:0, instance:TestScripts.TestNg_addToCart@4d5d943d]" started-at="2024-01-02T10:32:32 IST" name="addToCart" finished-at="2024-01-02T10:32:37 IST" duration-ms="4254" status="PASS">
          <reporter-output>
          </reporter-output>
        </test-method> <!-- addToCart -->
        <test-method is-config="true" signature="performLogout()[pri:0, instance:TestScripts.TestNg_addToCart@4d5d943d]" started-at="2024-01-02T10:32:37 IST" name="performLogout" finished-at="2024-01-02T10:32:38 IST" duration-ms="848" status="PASS">
          <reporter-output>
          </reporter-output>
        </test-method> <!-- performLogout -->
        <test-method is-config="true" signature="closeBrowser()[pri:0, instance:TestScripts.TestNg_addToCart@4d5d943d]" started-at="2024-01-02T10:32:38 IST" name="closeBrowser" finished-at="2024-01-02T10:32:38 IST" duration-ms="114" status="PASS">
          <reporter-output>
          </reporter-output>
        </test-method> <!-- closeBrowser -->
        <test-method is-config="true" signature="afterTest()[pri:0, instance:TestScripts.TestNg_addToCart@4d5d943d]" started-at="2024-01-02T10:32:38 IST" name="afterTest" finished-at="2024-01-02T10:32:38 IST" duration-ms="0" status="PASS">
          <reporter-output>
          </reporter-output>
        </test-method> <!-- afterTest -->
        <test-method is-config="true" signature="afterSuite()[pri:0, instance:TestScripts.TestNg_addToCart@4d5d943d]" started-at="2024-01-02T10:32:38 IST" name="afterSuite" finished-at="2024-01-02T10:32:38 IST" duration-ms="267" status="PASS">
          <reporter-output>
          </reporter-output>
        </test-method> <!-- afterSuite -->
      </class> <!-- TestScripts.TestNg_addToCart -->
    </test> <!-- Default test -->
  </suite> <!-- Default suite -->
</testng-results>
